2021-09-14 08:01:22.552|<--->|将ApiGateway-java-sdk-3.0.12移动到C:\Users\Administrator\Desktop\\temp\ApiGateway-java-sdk-3.0.12|<--->|GeneralUtil.java(app.utils.GeneralUtil.info.36)
2021-09-14 08:01:22.667|<--->|将BACKUP_ PROD_matter_v1_20210913_15_30.sql移动到C:\Users\Administrator\Desktop\\temp\BACKUP_ PROD_matter_v1_20210913_15_30.sql|<--->|GeneralUtil.java(app.utils.GeneralUtil.info.36)
2021-09-14 08:01:22.669|<--->|将DATA_PROD_matter_v1_20210913_15_30.sql移动到C:\Users\Administrator\Desktop\\temp\DATA_PROD_matter_v1_20210913_15_30.sql|<--->|GeneralUtil.java(app.utils.GeneralUtil.info.36)
2021-09-14 08:01:22.671|<--->|将desktop.ini移动到C:\Users\Administrator\Desktop\\temp\desktop.ini|<--->|GeneralUtil.java(app.utils.GeneralUtil.info.36)
2021-09-14 08:01:22.674|<--->|将OB_PROD_matter_v1_20210913_15_30.docx移动到C:\Users\Administrator\Desktop\\temp\OB_PROD_matter_v1_20210913_15_30.docx|<--->|GeneralUtil.java(app.utils.GeneralUtil.info.36)
2021-09-14 08:01:22.676|<--->|将OB_PROD_matter_v1_20210913_15_30.zip移动到C:\Users\Administrator\Desktop\\temp\OB_PROD_matter_v1_20210913_15_30.zip|<--->|GeneralUtil.java(app.utils.GeneralUtil.info.36)
2021-09-14 08:01:22.678|<--->|将temp2移动到C:\Users\Administrator\Desktop\\temp\temp2|<--->|GeneralUtil.java(app.utils.GeneralUtil.info.36)
2021-09-14 08:01:22.680|<--->|将test.sql移动到C:\Users\Administrator\Desktop\\temp\test.sql|<--->|GeneralUtil.java(app.utils.GeneralUtil.info.36)
2021-09-14 08:01:22.682|<--->|将~$三方对接事项（准生产）.xlsx移动到C:\Users\Administrator\Desktop\\temp\~$三方对接事项（准生产）.xlsx|<--->|GeneralUtil.java(app.utils.GeneralUtil.info.36)
2021-09-14 08:01:22.684|<--->|将接入方对接生产环境申请文档.docx移动到C:\Users\Administrator\Desktop\\temp\接入方对接生产环境申请文档.docx|<--->|GeneralUtil.java(app.utils.GeneralUtil.info.36)
2021-09-14 08:18:07.48|<--->|发生错误,原因:java.lang.ClassNotFoundException: DesktopCleaner
	at java.net.URLClassLoader.findClass(URLClassLoader.java:381)
	at java.lang.ClassLoader.loadClass(ClassLoader.java:424)
	at sun.misc.Launcher$AppClassLoader.loadClass(Launcher.java:349)
	at java.lang.ClassLoader.loadClass(ClassLoader.java:357)
	at java.lang.Class.forName0(Native Method)
	at java.lang.Class.forName(Class.java:264)
	at Application.main(Application.java:41)
|<--->|GeneralUtil.java(app.utils.GeneralUtil.info.36)
2021-09-14 08:18:50.443|<--->|发生错误,原因:java.lang.ClassNotFoundException: main.java.function.impl.DesktopCleaner
	at java.net.URLClassLoader.findClass(URLClassLoader.java:381)
	at java.lang.ClassLoader.loadClass(ClassLoader.java:424)
	at sun.misc.Launcher$AppClassLoader.loadClass(Launcher.java:349)
	at java.lang.ClassLoader.loadClass(ClassLoader.java:357)
	at java.lang.Class.forName0(Native Method)
	at java.lang.Class.forName(Class.java:264)
	at Application.main(Application.java:41)
|<--->|GeneralUtil.java(app.utils.GeneralUtil.info.36)
2021-09-14 08:19:14.246|<--->|发生错误,原因:java.lang.ClassNotFoundException: main.java.app.function.impl.DesktopCleaner
	at java.net.URLClassLoader.findClass(URLClassLoader.java:381)
	at java.lang.ClassLoader.loadClass(ClassLoader.java:424)
	at sun.misc.Launcher$AppClassLoader.loadClass(Launcher.java:349)
	at java.lang.ClassLoader.loadClass(ClassLoader.java:357)
	at java.lang.Class.forName0(Native Method)
	at java.lang.Class.forName(Class.java:264)
	at Application.main(Application.java:41)
|<--->|GeneralUtil.java(app.utils.GeneralUtil.info.36)
2021-09-14 08:20:17.646|<--->|发生错误,原因:java.lang.NoSuchMethodException: app.function.impl.DesktopCleaner.<init>(java.lang.reflect.Array)
	at java.lang.Class.getConstructor0(Class.java:3082)
	at java.lang.Class.getDeclaredConstructor(Class.java:2178)
	at Application.main(Application.java:42)
|<--->|GeneralUtil.java(app.utils.GeneralUtil.info.36)
2021-09-14 08:21:41.217|<--->|发生错误,原因:java.lang.NoSuchMethodException: app.function.impl.DesktopCleaner.<init>(java.lang.String)
	at java.lang.Class.getConstructor0(Class.java:3082)
	at java.lang.Class.getDeclaredConstructor(Class.java:2178)
	at Application.main(Application.java:42)
|<--->|GeneralUtil.java(app.utils.GeneralUtil.info.36)
2021-09-14 08:22:13.908|<--->|发生错误,原因:java.lang.NoSuchMethodException: app.function.impl.DesktopCleaner.<init>(java.util.Arrays)
	at java.lang.Class.getConstructor0(Class.java:3082)
	at java.lang.Class.getDeclaredConstructor(Class.java:2178)
	at Application.main(Application.java:43)
|<--->|GeneralUtil.java(app.utils.GeneralUtil.info.36)
2021-09-14 08:24:43.314|<--->|初始化完成|<--->|GeneralUtil.java(app.utils.GeneralUtil.info.36)
2021-09-14 08:24:43.367|<--->|清理完成|<--->|GeneralUtil.java(app.utils.GeneralUtil.info.36)
2021-09-14 08:24:43.369|<--->|下次清理时间:86400000ms后|<--->|GeneralUtil.java(app.utils.GeneralUtil.info.36)
